0 info it worked if it ends with ok
1 verbose cli [ 'C:\\Program Files\\nodejs\\\\node.exe',
1 verbose cli   'C:\\Program Files\\nodejs\\node_modules\\npm\\bin\\npm-cli.js',
1 verbose cli   'publish' ]
2 info using npm@1.4.28
3 info using node@v0.10.32
4 verbose node symlink C:\Program Files\nodejs\\node.exe
5 verbose publish [ '.' ]
6 verbose cache add [ '.', null ]
7 verbose cache add name=undefined spec="." args=[".",null]
8 verbose parsed url { protocol: null,
8 verbose parsed url   slashes: null,
8 verbose parsed url   auth: null,
8 verbose parsed url   host: null,
8 verbose parsed url   port: null,
8 verbose parsed url   hostname: null,
8 verbose parsed url   hash: null,
8 verbose parsed url   search: null,
8 verbose parsed url   query: null,
8 verbose parsed url   pathname: '.',
8 verbose parsed url   path: '.',
8 verbose parsed url   href: '.' }
9 silly lockFile 3a52ce78- .
10 verbose lock . C:\Users\InesSoft_Usr\AppData\Roaming\npm-cache\3a52ce78-.lock
11 verbose tar pack [ 'C:\\Users\\InesSoft_Usr\\AppData\\Roaming\\npm-cache\\gulp-inline-image-path\\0.0.1\\package.tgz',
11 verbose tar pack   '.' ]
12 verbose tarball C:\Users\InesSoft_Usr\AppData\Roaming\npm-cache\gulp-inline-image-path\0.0.1\package.tgz
13 verbose folder .
14 info prepublish gulp-inline-image-path@0.0.1
15 silly lockFile 1f1177db-tar tar://.
16 verbose lock tar://. C:\Users\InesSoft_Usr\AppData\Roaming\npm-cache\1f1177db-tar.lock
17 silly lockFile 181bf60d-ine-image-path-0-0-1-package-tgz tar://C:\Users\InesSoft_Usr\AppData\Roaming\npm-cache\gulp-inline-image-path\0.0.1\package.tgz
18 verbose lock tar://C:\Users\InesSoft_Usr\AppData\Roaming\npm-cache\gulp-inline-image-path\0.0.1\package.tgz C:\Users\InesSoft_Usr\AppData\Roaming\npm-cache\181bf60d-ine-image-path-0-0-1-package-tgz.lock
19 silly lockFile 1f1177db-tar tar://.
20 silly lockFile 1f1177db-tar tar://.
21 silly lockFile 181bf60d-ine-image-path-0-0-1-package-tgz tar://C:\Users\InesSoft_Usr\AppData\Roaming\npm-cache\gulp-inline-image-path\0.0.1\package.tgz
22 silly lockFile 181bf60d-ine-image-path-0-0-1-package-tgz tar://C:\Users\InesSoft_Usr\AppData\Roaming\npm-cache\gulp-inline-image-path\0.0.1\package.tgz
23 silly lockFile a1200fa6--inline-image-path-0-0-1-package C:\Users\InesSoft_Usr\AppData\Roaming\npm-cache\gulp-inline-image-path\0.0.1\package
24 verbose lock C:\Users\InesSoft_Usr\AppData\Roaming\npm-cache\gulp-inline-image-path\0.0.1\package C:\Users\InesSoft_Usr\AppData\Roaming\npm-cache\a1200fa6--inline-image-path-0-0-1-package.lock
25 silly lockFile a1200fa6--inline-image-path-0-0-1-package C:\Users\InesSoft_Usr\AppData\Roaming\npm-cache\gulp-inline-image-path\0.0.1\package
26 silly lockFile a1200fa6--inline-image-path-0-0-1-package C:\Users\InesSoft_Usr\AppData\Roaming\npm-cache\gulp-inline-image-path\0.0.1\package
27 silly lockFile 3a52ce78- .
28 silly lockFile 3a52ce78- .
29 silly publish { name: 'gulp-inline-image-path',
29 silly publish   version: '0.0.1',
29 silly publish   description: 'Convert and replace src attrs within your data.',
29 silly publish   main: 'index.js',
29 silly publish   scripts: { test: 'mocha' },
29 silly publish   repository:
29 silly publish    { type: 'git',
29 silly publish      url: 'https://github.com/catindev/gulp-inline-image-path' },
29 silly publish   keywords: [ 'gulpplugin', 'image', 'html', 'src', 'url', 'path', 'DOM' ],
29 silly publish   author: { name: 'catindev', url: 'https://github.com/catindev' },
29 silly publish   license: 'MIT',
29 silly publish   dependencies:
29 silly publish    { 'gulp-util': '~2.2.14',
29 silly publish      through2: '~0.4.1',
29 silly publish      cheerio: '~0.13.1' },
29 silly publish   devDependencies: { mocha: '~1.17.1' },
29 silly publish   engines: { node: '>=0.10' },
29 silly publish   bugs: { url: 'https://github.com/catindev/gulp-inline-image-path/issues' },
29 silly publish   homepage: 'https://github.com/catindev/gulp-inline-image-path',
29 silly publish   _id: 'gulp-inline-image-path@0.0.1',
29 silly publish   _from: '.',
29 silly publish   _npmVersion: '1.3.24',
29 silly publish   _npmUser: { name: 'catindev', email: 'catindev@gmail.com' },
29 silly publish   maintainers: [ { name: 'catindev', email: 'catindev@gmail.com' } ],
29 silly publish   directories: {},
29 silly publish   readme: 'ERROR: No README data found!',
29 silly publish   gitHead: '42e36b89526e55378fd11107f10e8bf79f6b7e3b',
29 silly publish   _shasum: '7f1d174b006dedf5b0886e7d58e48184b80ef4e1' }
30 verbose request where is /gulp-inline-image-path
31 verbose request registry https://registry.npmjs.org/
32 verbose request id 44eecafb77b2f7fd
33 verbose url raw /gulp-inline-image-path
34 verbose url resolving [ 'https://registry.npmjs.org/', './gulp-inline-image-path' ]
35 verbose url resolved https://registry.npmjs.org/gulp-inline-image-path
36 verbose request where is https://registry.npmjs.org/gulp-inline-image-path
37 info trying registry request attempt 1 at 12:02:45
38 http PUT https://registry.npmjs.org/gulp-inline-image-path
39 http 403 https://registry.npmjs.org/gulp-inline-image-path
40 verbose headers { date: 'Fri, 10 Apr 2015 06:02:45 GMT',
40 verbose headers   server: 'Apache',
40 verbose headers   'content-type': 'application/json',
40 verbose headers   'cache-control': 'max-age=60',
40 verbose headers   'content-length': '95',
40 verbose headers   'accept-ranges': 'bytes',
40 verbose headers   via: '1.1 varnish',
40 verbose headers   'x-served-by': 'cache-fra1248-FRA',
40 verbose headers   'x-cache': 'MISS',
40 verbose headers   'x-cache-hits': '0',
40 verbose headers   'x-timer': 'S1428645764.806296,VS0,VE733',
40 verbose headers   'keep-alive': 'timeout=10, max=50',
40 verbose headers   connection: 'Keep-Alive' }
41 error publish Failed PUT 403
42 error Error: "You cannot publish over the previously published version 0.0.1." : gulp-inline-image-path
42 error     at RegClient.<anonymous> (C:\Program Files\nodejs\node_modules\npm\node_modules\npm-registry-client\lib\request.js:308:14)
42 error     at Request._callback (C:\Program Files\nodejs\node_modules\npm\node_modules\npm-registry-client\lib\request.js:246:65)
42 error     at Request.self.callback (C:\Program Files\nodejs\node_modules\npm\node_modules\request\request.js:236:22)
42 error     at Request.emit (events.js:98:17)
42 error     at Request.<anonymous> (C:\Program Files\nodejs\node_modules\npm\node_modules\request\request.js:1142:14)
42 error     at Request.emit (events.js:117:20)
42 error     at IncomingMessage.<anonymous> (C:\Program Files\nodejs\node_modules\npm\node_modules\request\request.js:1096:12)
42 error     at IncomingMessage.emit (events.js:117:20)
42 error     at _stream_readable.js:943:16
42 error     at process._tickCallback (node.js:419:13)
43 error If you need help, you may report this *entire* log,
43 error including the npm and node versions, at:
43 error     <http://github.com/npm/npm/issues>
44 error System Windows_NT 6.1.7601
45 error command "C:\\Program Files\\nodejs\\\\node.exe" "C:\\Program Files\\nodejs\\node_modules\\npm\\bin\\npm-cli.js" "publish"
46 error cwd C:\Users\InesSoft_Usr\Dropbox\Work\gulp-inline-image-path
47 error node -v v0.10.32
48 error npm -v 1.4.28
49 verbose exit [ 1, true ]
